[debug] [2018-08-08T12:08:37.016Z] ----------------------------------------------------------------------
[debug] [2018-08-08T12:08:37.016Z] Command:       C:\Program Files\nodejs\node.exe C:\Program Files\nodejs\node_modules\firebase-tools\bin\firebase serve --only functions
[debug] [2018-08-08T12:08:37.016Z] CLI Version:   4.0.2
[debug] [2018-08-08T12:08:37.016Z] Platform:      win32
[debug] [2018-08-08T12:08:37.016Z] Node Version:  v8.11.3
[debug] [2018-08-08T12:08:37.016Z] Time:          Wed Aug 08 2018 14:08:37 GMT+0200 (W. Europe Daylight Time)
[debug] [2018-08-08T12:08:37.016Z] ----------------------------------------------------------------------
[debug] 
[debug] [2018-08-08T12:08:37.028Z] > command requires scopes: ["email","openid","https://www.googleapis.com/auth/cloudplatformprojects.readonly","https://www.googleapis.com/auth/firebase","https://www.googleapis.com/auth/cloud-platform"]
[debug] [2018-08-08T12:08:37.028Z] > authorizing via signed-in user
[debug] [2018-08-08T12:08:37.032Z] > refreshing access token with scopes: ["email","https://www.googleapis.com/auth/cloud-platform","https://www.googleapis.com/auth/cloudplatformprojects.readonly","https://www.googleapis.com/auth/firebase","openid"]
[debug] [2018-08-08T12:08:37.032Z] >>> HTTP REQUEST POST https://www.googleapis.com/oauth2/v3/token  
 { refresh_token: '1/Z5tTqBkL3o4TsRttfQjqhxFsB0uPAZKbohiZgol86_0',
  client_id: '563584335869-fgrhgmd47bqnekij5i8b5pr03ho849e6.apps.googleusercontent.com',
  client_secret: 'j9iVZfS8kkCEFUPaAeJV0sAi',
  grant_type: 'refresh_token',
  scope: 'email https://www.googleapis.com/auth/cloud-platform https://www.googleapis.com/auth/cloudplatformprojects.readonly https://www.googleapis.com/auth/firebase openid' } 
 Wed Aug 08 2018 14:08:37 GMT+0200 (W. Europe Daylight Time)
[debug] [2018-08-08T12:08:37.377Z] <<< HTTP RESPONSE 200
[debug] [2018-08-08T12:08:37.385Z] >>> HTTP REQUEST GET https://admin.firebase.com/v1/projects/shop-swiss  
  
 Wed Aug 08 2018 14:08:37 GMT+0200 (W. Europe Daylight Time)
[debug] [2018-08-08T12:08:38.614Z] <<< HTTP RESPONSE 200
[debug] [2018-08-08T12:08:38.615Z] >>> HTTP REQUEST GET https://admin.firebase.com/v1/database/shop-swiss/tokens  
  
 Wed Aug 08 2018 14:08:38 GMT+0200 (W. Europe Daylight Time)
[debug] [2018-08-08T12:08:39.398Z] <<< HTTP RESPONSE 200
[debug] [2018-08-08T12:08:39.402Z] >>> HTTP REQUEST GET https://cloudresourcemanager.googleapis.com/v1/projects/shop-swiss  
  
 Wed Aug 08 2018 14:08:39 GMT+0200 (W. Europe Daylight Time)
[debug] [2018-08-08T12:08:40.631Z] <<< HTTP RESPONSE 200
[info] 
[info] === Serving from 'C:\Users\thiba\Desktop\workspace\shop'...
[info] 
[info] i  functions: Preparing to emulate functions.
[debug] [2018-08-08T12:08:42.104Z] Fetching environment
[debug] [2018-08-08T12:08:42.104Z] >>> HTTP REQUEST GET https://mobilesdk-pa.googleapis.com/v1/projects/174248387639:getServerAppConfig  
  
 Wed Aug 08 2018 14:08:42 GMT+0200 (W. Europe Daylight Time)
[debug] [2018-08-08T12:08:42.882Z] <<< HTTP RESPONSE 200
[debug] [2018-08-08T12:08:42.882Z] Starting @google-cloud/functions-emulator
[debug] [2018-08-08T12:08:44.951Z] Parsing function triggers
[warn] !  functions: Failed to load functions source code. Ensure that you have the latest SDK by running npm i --save firebase-functions inside the functions directory.
[debug] [2018-08-08T12:08:45.294Z] Error during trigger parsing:  Error occurred while parsing your function triggers.

TypeError: Cannot read property 'email' of undefined
    at Object.<anonymous> (C:\Users\thiba\Desktop\workspace\shop\functions\lib\fn\nodemailer.js:7:44)
    at Module._compile (module.js:652:30)
    at Object.Module._extensions..js (module.js:663:10)
    at Module.load (module.js:565:32)
    at tryModuleLoad (module.js:505:12)
    at Function.Module._load (module.js:497:3)
    at Module.require (module.js:596:17)
    at require (internal/module.js:11:18)
    at Object.<anonymous> (C:\Users\thiba\Desktop\workspace\shop\functions\lib\index.js:6:10)
    at Module._compile (module.js:652:30)
[warn] !  functions: Error from emulator. Error occurred while parsing your function triggers.

TypeError: Cannot read property 'email' of undefined
    at Object.<anonymous> (C:\Users\thiba\Desktop\workspace\shop\functions\lib\fn\nodemailer.js:7:44)
    at Module._compile (module.js:652:30)
    at Object.Module._extensions..js (module.js:663:10)
    at Module.load (module.js:565:32)
    at tryModuleLoad (module.js:505:12)
    at Function.Module._load (module.js:497:3)
    at Module.require (module.js:596:17)
    at require (internal/module.js:11:18)
    at Object.<anonymous> (C:\Users\thiba\Desktop\workspace\shop\functions\lib\index.js:6:10)
    at Module._compile (module.js:652:30)
[debug] [2018-08-08T12:08:45.298Z] 
[info] Shutting down...
[debug] [2018-08-08T12:09:17.116Z] ----------------------------------------------------------------------
[debug] [2018-08-08T12:09:17.120Z] Command:       C:\Program Files\nodejs\node.exe C:\Program Files\nodejs\node_modules\firebase-tools\bin\firebase serve --only functions
[debug] [2018-08-08T12:09:17.120Z] CLI Version:   4.0.2
[debug] [2018-08-08T12:09:17.120Z] Platform:      win32
[debug] [2018-08-08T12:09:17.120Z] Node Version:  v8.11.3
[debug] [2018-08-08T12:09:17.120Z] Time:          Wed Aug 08 2018 14:09:17 GMT+0200 (W. Europe Daylight Time)
[debug] [2018-08-08T12:09:17.120Z] ----------------------------------------------------------------------
[debug] 
[debug] [2018-08-08T12:09:17.132Z] > command requires scopes: ["email","openid","https://www.googleapis.com/auth/cloudplatformprojects.readonly","https://www.googleapis.com/auth/firebase","https://www.googleapis.com/auth/cloud-platform"]
[debug] [2018-08-08T12:09:17.136Z] > authorizing via signed-in user
[debug] [2018-08-08T12:09:17.140Z] >>> HTTP REQUEST GET https://admin.firebase.com/v1/projects/shop-swiss  
  
 Wed Aug 08 2018 14:09:17 GMT+0200 (W. Europe Daylight Time)
[debug] [2018-08-08T12:09:18.414Z] <<< HTTP RESPONSE 200
[debug] [2018-08-08T12:09:18.414Z] >>> HTTP REQUEST GET https://admin.firebase.com/v1/database/shop-swiss/tokens  
  
 Wed Aug 08 2018 14:09:18 GMT+0200 (W. Europe Daylight Time)
[debug] [2018-08-08T12:09:19.418Z] <<< HTTP RESPONSE 200
[debug] [2018-08-08T12:09:19.418Z] >>> HTTP REQUEST GET https://cloudresourcemanager.googleapis.com/v1/projects/shop-swiss  
  
 Wed Aug 08 2018 14:09:19 GMT+0200 (W. Europe Daylight Time)
[debug] [2018-08-08T12:09:20.408Z] <<< HTTP RESPONSE 200
[info] 
[info] === Serving from 'C:\Users\thiba\Desktop\workspace\shop'...
[info] 
[info] i  functions: Preparing to emulate functions.
[debug] [2018-08-08T12:09:21.187Z] Fetching environment
[debug] [2018-08-08T12:09:21.189Z] >>> HTTP REQUEST GET https://mobilesdk-pa.googleapis.com/v1/projects/174248387639:getServerAppConfig  
  
 Wed Aug 08 2018 14:09:21 GMT+0200 (W. Europe Daylight Time)
[debug] [2018-08-08T12:09:21.876Z] <<< HTTP RESPONSE 200
[debug] [2018-08-08T12:09:21.876Z] Starting @google-cloud/functions-emulator
[debug] [2018-08-08T12:09:23.951Z] Parsing function triggers
[info] +  functions: order: http://localhost:5000/shop-swiss/us-central1/order
[info] Shutting down...
[debug] [2018-08-08T12:14:55.381Z] ----------------------------------------------------------------------
[debug] [2018-08-08T12:14:55.381Z] Command:       C:\Program Files\nodejs\node.exe C:\Program Files\nodejs\node_modules\firebase-tools\bin\firebase serve --only functions
[debug] [2018-08-08T12:14:55.381Z] CLI Version:   4.0.2
[debug] [2018-08-08T12:14:55.381Z] Platform:      win32
[debug] [2018-08-08T12:14:55.381Z] Node Version:  v8.11.3
[debug] [2018-08-08T12:14:55.381Z] Time:          Wed Aug 08 2018 14:14:55 GMT+0200 (W. Europe Daylight Time)
[debug] [2018-08-08T12:14:55.381Z] ----------------------------------------------------------------------
[debug] 
[debug] [2018-08-08T12:14:55.394Z] > command requires scopes: ["email","openid","https://www.googleapis.com/auth/cloudplatformprojects.readonly","https://www.googleapis.com/auth/firebase","https://www.googleapis.com/auth/cloud-platform"]
[debug] [2018-08-08T12:14:55.395Z] > authorizing via signed-in user
[debug] [2018-08-08T12:14:55.398Z] >>> HTTP REQUEST GET https://admin.firebase.com/v1/projects/shop-swiss  
  
 Wed Aug 08 2018 14:14:55 GMT+0200 (W. Europe Daylight Time)
[debug] [2018-08-08T12:14:56.534Z] <<< HTTP RESPONSE 200
[debug] [2018-08-08T12:14:56.538Z] >>> HTTP REQUEST GET https://admin.firebase.com/v1/database/shop-swiss/tokens  
  
 Wed Aug 08 2018 14:14:56 GMT+0200 (W. Europe Daylight Time)
[debug] [2018-08-08T12:14:57.541Z] <<< HTTP RESPONSE 200
[debug] [2018-08-08T12:14:57.545Z] >>> HTTP REQUEST GET https://cloudresourcemanager.googleapis.com/v1/projects/shop-swiss  
  
 Wed Aug 08 2018 14:14:57 GMT+0200 (W. Europe Daylight Time)
[debug] [2018-08-08T12:14:58.976Z] <<< HTTP RESPONSE 200
[info] 
[info] === Serving from 'C:\Users\thiba\Desktop\workspace\shop'...
[info] 
[info] i  functions: Preparing to emulate functions.
[debug] [2018-08-08T12:14:59.759Z] Fetching environment
[debug] [2018-08-08T12:14:59.759Z] >>> HTTP REQUEST GET https://mobilesdk-pa.googleapis.com/v1/projects/174248387639:getServerAppConfig  
  
 Wed Aug 08 2018 14:14:59 GMT+0200 (W. Europe Daylight Time)
[debug] [2018-08-08T12:15:01.021Z] <<< HTTP RESPONSE 200
[debug] [2018-08-08T12:15:01.021Z] Starting @google-cloud/functions-emulator
[debug] [2018-08-08T12:15:03.098Z] Parsing function triggers
[info] +  functions: order: http://localhost:5000/shop-swiss/us-central1/order
[info] Shutting down...
[debug] [2018-08-08T12:16:37.924Z] ----------------------------------------------------------------------
[debug] [2018-08-08T12:16:37.928Z] Command:       C:\Program Files\nodejs\node.exe C:\Program Files\nodejs\node_modules\firebase-tools\bin\firebase serve --only functions
[debug] [2018-08-08T12:16:37.928Z] CLI Version:   4.0.2
[debug] [2018-08-08T12:16:37.928Z] Platform:      win32
[debug] [2018-08-08T12:16:37.928Z] Node Version:  v8.11.3
[debug] [2018-08-08T12:16:37.928Z] Time:          Wed Aug 08 2018 14:16:37 GMT+0200 (W. Europe Daylight Time)
[debug] [2018-08-08T12:16:37.928Z] ----------------------------------------------------------------------
[debug] 
[debug] [2018-08-08T12:16:37.940Z] > command requires scopes: ["email","openid","https://www.googleapis.com/auth/cloudplatformprojects.readonly","https://www.googleapis.com/auth/firebase","https://www.googleapis.com/auth/cloud-platform"]
[debug] [2018-08-08T12:16:37.940Z] > authorizing via signed-in user
[debug] [2018-08-08T12:16:37.940Z] >>> HTTP REQUEST GET https://admin.firebase.com/v1/projects/shop-swiss  
  
 Wed Aug 08 2018 14:16:37 GMT+0200 (W. Europe Daylight Time)
[debug] [2018-08-08T12:16:39.130Z] <<< HTTP RESPONSE 200
[debug] [2018-08-08T12:16:39.134Z] >>> HTTP REQUEST GET https://admin.firebase.com/v1/database/shop-swiss/tokens  
  
 Wed Aug 08 2018 14:16:39 GMT+0200 (W. Europe Daylight Time)
[debug] [2018-08-08T12:16:39.939Z] <<< HTTP RESPONSE 200
[debug] [2018-08-08T12:16:39.939Z] >>> HTTP REQUEST GET https://cloudresourcemanager.googleapis.com/v1/projects/shop-swiss  
  
 Wed Aug 08 2018 14:16:39 GMT+0200 (W. Europe Daylight Time)
[debug] [2018-08-08T12:16:40.960Z] <<< HTTP RESPONSE 200
[info] 
[info] === Serving from 'C:\Users\thiba\Desktop\workspace\shop'...
[info] 
[info] i  functions: Preparing to emulate functions.
[debug] [2018-08-08T12:16:41.723Z] Fetching environment
[debug] [2018-08-08T12:16:41.725Z] >>> HTTP REQUEST GET https://mobilesdk-pa.googleapis.com/v1/projects/174248387639:getServerAppConfig  
  
 Wed Aug 08 2018 14:16:41 GMT+0200 (W. Europe Daylight Time)
[debug] [2018-08-08T12:16:44.647Z] <<< HTTP RESPONSE 200
[debug] [2018-08-08T12:16:44.647Z] Starting @google-cloud/functions-emulator
[debug] [2018-08-08T12:16:46.727Z] Parsing function triggers
[info] +  functions: order: http://localhost:5000/shop-swiss/us-central1/order
[info] Shutting down...
[debug] [2018-08-08T12:52:48.433Z] ----------------------------------------------------------------------
[debug] [2018-08-08T12:52:48.436Z] Command:       C:\Program Files\nodejs\node.exe C:\Program Files\nodejs\node_modules\firebase-tools\bin\firebase serve --only functions
[debug] [2018-08-08T12:52:48.436Z] CLI Version:   4.0.2
[debug] [2018-08-08T12:52:48.436Z] Platform:      win32
[debug] [2018-08-08T12:52:48.436Z] Node Version:  v8.11.3
[debug] [2018-08-08T12:52:48.437Z] Time:          Wed Aug 08 2018 14:52:48 GMT+0200 (W. Europe Daylight Time)
[debug] [2018-08-08T12:52:48.437Z] ----------------------------------------------------------------------
[debug] 
[debug] [2018-08-08T12:52:48.447Z] > command requires scopes: ["email","openid","https://www.googleapis.com/auth/cloudplatformprojects.readonly","https://www.googleapis.com/auth/firebase","https://www.googleapis.com/auth/cloud-platform"]
[debug] [2018-08-08T12:52:48.447Z] > authorizing via signed-in user
[debug] [2018-08-08T12:52:48.449Z] >>> HTTP REQUEST GET https://admin.firebase.com/v1/projects/shop-swiss  
  
 Wed Aug 08 2018 14:52:48 GMT+0200 (W. Europe Daylight Time)
[debug] [2018-08-08T12:52:49.247Z] <<< HTTP RESPONSE 200
[debug] [2018-08-08T12:52:49.248Z] >>> HTTP REQUEST GET https://admin.firebase.com/v1/database/shop-swiss/tokens  
  
 Wed Aug 08 2018 14:52:49 GMT+0200 (W. Europe Daylight Time)
[debug] [2018-08-08T12:52:49.894Z] <<< HTTP RESPONSE 200
[debug] [2018-08-08T12:52:49.895Z] >>> HTTP REQUEST GET https://cloudresourcemanager.googleapis.com/v1/projects/shop-swiss  
  
 Wed Aug 08 2018 14:52:49 GMT+0200 (W. Europe Daylight Time)
[debug] [2018-08-08T12:52:50.955Z] <<< HTTP RESPONSE 200
[info] 
[info] === Serving from 'C:\Users\thiba\Desktop\workspace\shop'...
[info] 
[info] i  functions: Preparing to emulate functions.
[debug] [2018-08-08T12:52:51.709Z] Fetching environment
[debug] [2018-08-08T12:52:51.711Z] >>> HTTP REQUEST GET https://mobilesdk-pa.googleapis.com/v1/projects/174248387639:getServerAppConfig  
  
 Wed Aug 08 2018 14:52:51 GMT+0200 (W. Europe Daylight Time)
[debug] [2018-08-08T12:52:52.967Z] <<< HTTP RESPONSE 200
[debug] [2018-08-08T12:52:52.968Z] Starting @google-cloud/functions-emulator
[debug] [2018-08-08T12:52:55.008Z] Parsing function triggers
[info] +  functions: order: http://localhost:5000/shop-swiss/us-central1/order
